0 info it worked if it ends with ok
1 verbose cli [ '/usr/bin/node', '/usr/bin/npm', 'start' ]
2 info using npm@3.6.0
3 info using node@v5.5.0
4 verbose run-script [ 'prestart', 'start', 'poststart' ]
5 info lifecycle jan@1.0.0~prestart: jan@1.0.0
6 silly lifecycle jan@1.0.0~prestart: no script for prestart, continuing
7 info lifecycle jan@1.0.0~start: jan@1.0.0
8 verbose lifecycle jan@1.0.0~start: unsafe-perm in lifecycle true
9 verbose lifecycle jan@1.0.0~start: PATH: /usr/lib/node_modules/npm/bin/node-gyp-bin:/home/justinting/programming/JAN-Job-App-Notifier/node_modules/.bin:/home/justinting/.rvm/gems/ruby-2.1.8/bin:/home/justinting/.rvm/gems/ruby-2.1.8@global/bin:/home/justinting/.rvm/rubies/ruby-2.1.8/bin:/usr/local/sbin:/usr/local/bin:/usr/bin:/usr/bin/site_perl:/usr/bin/vendor_perl:/usr/bin/core_perl:/home/justinting/.cabal-sandbox/bin:/home/justinting/.rvm/bin:/home/justinting/.gem/ruby/2.2.0/bin:/home/justinting/.rvm/bin:/home/justinting/.gem/ruby/2.2.0/bin
10 verbose lifecycle jan@1.0.0~start: CWD: /home/justinting/programming/JAN-Job-App-Notifier
11 silly lifecycle jan@1.0.0~start: Args: [ '-c', 'node index.js' ]
12 silly lifecycle jan@1.0.0~start: Returned: code: 1  signal: null
13 info lifecycle jan@1.0.0~start: Failed to exec start script
14 verbose stack Error: jan@1.0.0 start: `node index.js`
14 verbose stack Exit status 1
14 verbose stack     at EventEmitter.<anonymous> (/usr/lib/node_modules/npm/lib/utils/lifecycle.js:232:16)
14 verbose stack     at emitTwo (events.js:100:13)
14 verbose stack     at EventEmitter.emit (events.js:185:7)
14 verbose stack     at ChildProcess.<anonymous> (/usr/lib/node_modules/npm/lib/utils/spawn.js:24:14)
14 verbose stack     at emitTwo (events.js:100:13)
14 verbose stack     at ChildProcess.emit (events.js:185:7)
14 verbose stack     at maybeClose (internal/child_process.js:821:16)
14 verbose stack     at Process.ChildProcess._handle.onexit (internal/child_process.js:211:5)
15 verbose pkgid jan@1.0.0
16 verbose cwd /home/justinting/programming/JAN-Job-App-Notifier
17 error Linux 4.3.3-3-ARCH
18 error argv "/usr/bin/node" "/usr/bin/npm" "start"
19 error node v5.5.0
20 error npm  v3.6.0
21 error code ELIFECYCLE
22 error jan@1.0.0 start: `node index.js`
22 error Exit status 1
23 error Failed at the jan@1.0.0 start script 'node index.js'.
23 error Make sure you have the latest version of node.js and npm installed.
23 error If you do, this is most likely a problem with the jan package,
23 error not with npm itself.
23 error Tell the author that this fails on your system:
23 error     node index.js
23 error You can get information on how to open an issue for this project with:
23 error     npm bugs jan
23 error Or if that isn't available, you can get their info via:
23 error     npm owner ls jan
23 error There is likely additional logging output above.
24 verbose exit [ 1, true ]
